{
  "RSpec": {
    "coverage": {
      "/Users/mollie/Makers/clamcard/spec/card_spec.rb": [
        1,
        null,
        1,
        3,
        null,
        2,
        null,
        2,
        null,
        1,
        1,
        null,
        null,
        1,
        1,
        1,
        1,
        null,
        null
      ],
      "/Users/mollie/Makers/clamcard/lib/card.rb": [
        1,
        1,
        null,
        1,
        9,
        null,
        null,
        1,
        11,
        11,
        null,
        null
      ],
      "/Users/mollie/Makers/clamcard/spec/features/price_capping_feature_spec.rb": [
        1,
        1,
        1,
        1,
        1,
        1,
        1,
        1,
        1,
        null,
        null
      ],
      "/Users/mollie/Makers/clamcard/spec/features/travelling_between_zones_feature_spec.rb": [
        1,
        1,
        1,
        1,
        1,
        1,
        null,
        null,
        1,
        1,
        1,
        1,
        1,
        1,
        null,
        null
      ],
      "/Users/mollie/Makers/clamcard/spec/features/travelling_in_zone_one_feature_spec.rb": [
        1,
        1,
        1,
        1,
        1,
        1,
        null,
        null,
        1,
        1,
        1,
        1,
        1,
        1,
        null,
        null
      ],
      "/Users/mollie/Makers/clamcard/spec/network_spec.rb": [
        1,
        1,
        null,
        1,
        1,
        8,
        null,
        2,
        null,
        1,
        1,
        1,
        null,
        null,
        1,
        1,
        null,
        null,
        1,
        1,
        null,
        null,
        1,
        1,
        null,
        null,
        1,
        1,
        null,
        null,
        1,
        1,
        null,
        null,
        1,
        1,
        null,
        null,
        null
      ],
      "/Users/mollie/Makers/clamcard/lib/network.rb": [
        1,
        1,
        null,
        null,
        null,
        null,
        1,
        null,
        null,
        null,
        null,
        1,
        9,
        null,
        null,
        1,
        2,
        null,
        null,
        1,
        5,
        null,
        null,
        1,
        12,
        8,
        null,
        null,
        1,
        null,
        1,
        19,
        8,
        null,
        null
      ]
    },
    "timestamp": 1446028057
  }
}
